<?xml version="1.0" encoding="UTF-8"?>
<!-- Generated by org.testng.reporters.JUnitReportReporter -->
<testsuite hostname="Vicky" failures="0" tests="1" name="flipkart.Printing" time="15.098" errors="0" timestamp="2024-03-12T09:36:51 IST" skipped="0">
  <testcase classname="flipkart.Printing" name="names" time="15.098"/>
  <system-out/>
</testsuite> <!-- flipkart.Printing -->
