<?xml version="1.0" encoding="UTF-8"?>
<!-- Generated by org.testng.reporters.JUnitReportReporter -->
<testsuite hostname="Vicky" failures="0" tests="1" name="sprint_1_Positive.eSprint_1_VerifyingTheSubscribedUserAndPayingMonthlySchemePayment_Demo_FMS" time="78.967" errors="0" timestamp="2024-03-01T16:14:48 IST" skipped="0">
  <testcase classname="sprint_1_Positive.eSprint_1_VerifyingTheSubscribedUserAndPayingMonthlySchemePayment_Demo_FMS" name="verifyingTheSubscribedUserAndPayingMonthlySchemePaymentTest" time="78.967"/>
  <system-out/>
</testsuite> <!-- sprint_1_Positive.eSprint_1_VerifyingTheSubscribedUserAndPayingMonthlySchemePayment_Demo_FMS -->
