<?xml version="1.0" encoding="UTF-8"?>
<!-- Generated by org.testng.reporters.JUnitReportReporter -->
<testsuite hostname="Vicky" failures="0" tests="13" name="sprint_3_Negative.C_E_Commerce_Sub_Categories" time="300.469" errors="0" timestamp="2024-03-28T14:50:32 IST" skipped="0">
  <testcase classname="sprint_3_Negative.C_E_Commerce_Sub_Categories" name="a_ClickOnSubcategoriesLinkSubCategoryPageShoultNotDisplayErrorTest" time="20.164"/>
  <system-out/>
  <testcase classname="sprint_3_Negative.C_E_Commerce_Sub_Categories" name="b_SubCategory_SearchEdit_SearchedInvalidCategoryShouldDisplayErrorTest" time="21.288"/>
  <system-out/>
  <testcase classname="sprint_3_Negative.C_E_Commerce_Sub_Categories" name="c_addingSubCategoryNullErrorTest" time="23.602"/>
  <system-out/>
  <testcase classname="sprint_3_Negative.C_E_Commerce_Sub_Categories" name="d_addingSubCategoryByGivingOnlyCategoryNameErrorTest" time="23.046"/>
  <system-out/>
  <testcase classname="sprint_3_Negative.C_E_Commerce_Sub_Categories" name="e_Adding_SubCategoryByGiving2ValuesErrorTest" time="26.739"/>
  <system-out/>
  <testcase classname="sprint_3_Negative.C_E_Commerce_Sub_Categories" name="e_Adding_SubCategoryByGivingValidDetailsPassTest" time="26.875"/>
  <system-out/>
  <testcase classname="sprint_3_Negative.C_E_Commerce_Sub_Categories" name="f_SubCategoryEditButtonErrorTest" time="17.641"/>
  <system-out/>
  <testcase classname="sprint_3_Negative.C_E_Commerce_Sub_Categories" name="g_updatingWithoutPassingDetailsErrorTest" time="22.991"/>
  <system-out/>
  <testcase classname="sprint_3_Negative.C_E_Commerce_Sub_Categories" name="h_updatingByGivingOnlyCategoryNameErrorTest" time="28.849"/>
  <system-out/>
  <testcase classname="sprint_3_Negative.C_E_Commerce_Sub_Categories" name="i_updatingSubCategoryByPassing2ValuesErrorTest" time="27.215"/>
  <system-out/>
  <testcase classname="sprint_3_Negative.C_E_Commerce_Sub_Categories" name="j_subCategoryBootStrapButtonErrorTest" time="20.631"/>
  <system-out/>
  <testcase classname="sprint_3_Negative.C_E_Commerce_Sub_Categories" name="k_subCategoryDeleteButtonErrorTest" time="19.612"/>
  <system-out/>
  <testcase classname="sprint_3_Negative.C_E_Commerce_Sub_Categories" name="l_closingAddSubCategoryPageErrorTest" time="21.816"/>
  <system-out/>
</testsuite> <!-- sprint_3_Negative.C_E_Commerce_Sub_Categories -->
