<?xml version="1.0" encoding="UTF-8"?>
<!-- Generated by org.testng.reporters.JUnitReportReporter -->
<testsuite hostname="Vicky" failures="0" tests="44" name="sprint_2_Negative.Sprint_2_Negative_Demo_FMS" time="2013.917" errors="0" timestamp="2024-03-01T13:09:21 IST" skipped="0">
  <testcase classname="sprint_2_Negative.Sprint_2_Negative_Demo_FMS" name="a43_actionInfoSchemeFeatureClearingAllDataClickOnUpdateBtnPassErrorTest" time="70.919"/>
  <system-out/>
  <testcase classname="sprint_2_Negative.Sprint_2_Negative_Demo_FMS" name="a1_loginByGivingInvalidEmailErrorTest" time="9.592"/>
  <system-out/>
  <testcase classname="sprint_2_Negative.Sprint_2_Negative_Demo_FMS" name="a2_loginByGivingInvalidPasswordErrorTest" time="9.051"/>
  <system-out/>
  <testcase classname="sprint_2_Negative.Sprint_2_Negative_Demo_FMS" name="a3_loginToFmsApplicationPassTest" time="11.373"/>
  <system-out/>
  <testcase classname="sprint_2_Negative.Sprint_2_Negative_Demo_FMS" name="a4_clickOnEcommerceSchemesPageShouldOpenErrorTest" time="17.882"/>
  <system-out/>
  <testcase classname="sprint_2_Negative.Sprint_2_Negative_Demo_FMS" name="a5_clickOnUserLinkSchemesPageShouldOpenErrorTest" time="20.215"/>
  <system-out/>
  <testcase classname="sprint_2_Negative.Sprint_2_Negative_Demo_FMS" name="a6_schemeClickOnAddSchemesAndAddSchemesPageShouldNotOpenErrorTest" time="22.944"/>
  <system-out/>
  <testcase classname="sprint_2_Negative.Sprint_2_Negative_Demo_FMS" name="a7_schemeCreatingWithoutGivingCountryDrpDwnErrorTest" time="32.922"/>
  <system-out/>
  <testcase classname="sprint_2_Negative.Sprint_2_Negative_Demo_FMS" name="a8_schemeCreatingWithoutGivingCalculationDrpDwnErrorTest" time="32.686"/>
  <system-out/>
  <testcase classname="sprint_2_Negative.Sprint_2_Negative_Demo_FMS" name="a9_schemeCreatingWithoutGivingSchemeDescriptionErrorTest" time="32.338"/>
  <system-out/>
  <testcase classname="sprint_2_Negative.Sprint_2_Negative_Demo_FMS" name="a10_schemeCreatingByGivingAllSchemeDetailsPassTest" time="36.656"/>
  <system-out/>
  <testcase classname="sprint_2_Negative.Sprint_2_Negative_Demo_FMS" name="a11_addingTenureListDetailsWithoutGivingAnyDetailsErrorTest" time="67.117"/>
  <system-out/>
  <testcase classname="sprint_2_Negative.Sprint_2_Negative_Demo_FMS" name="a12_addingTenureListDetailsByGivingAllDetailsPassTest" time="52.379"/>
  <system-out/>
  <testcase classname="sprint_2_Negative.Sprint_2_Negative_Demo_FMS" name="a13_addingTenureAmountDetailsWithoutGivingAnyDetailsErrorTest" time="51.572"/>
  <system-out/>
  <testcase classname="sprint_2_Negative.Sprint_2_Negative_Demo_FMS" name="a14_addingTenureAmountDetailsByGivingAllPositiveDetailsPassTest" time="60.436"/>
  <system-out/>
  <testcase classname="sprint_2_Negative.Sprint_2_Negative_Demo_FMS" name="a15_actionInfoSchemeContentAddingByGivingValidDataPassTest" time="75.818"/>
  <system-out/>
  <testcase classname="sprint_2_Negative.Sprint_2_Negative_Demo_FMS" name="a16_actionInfoSchemeContentAddingWithoutGivingDataErrorTest" time="56.552"/>
  <system-out/>
  <testcase classname="sprint_2_Negative.Sprint_2_Negative_Demo_FMS" name="a17_actionInfoSchemeTermsAndConditionsAddingWithoutGivingDataErrorTest" time="69.103"/>
  <system-out/>
  <testcase classname="sprint_2_Negative.Sprint_2_Negative_Demo_FMS" name="a18_actionInfoSchemeTermsAndConditionsAddingByGivingValidDataPassTest" time="71.826"/>
  <system-out/>
  <testcase classname="sprint_2_Negative.Sprint_2_Negative_Demo_FMS" name="a19_actionInfoSchemeFeatureAddingByGivingValidDataPassTest" time="75.939"/>
  <system-out/>
  <testcase classname="sprint_2_Negative.Sprint_2_Negative_Demo_FMS" name="a20_actionInfoSchemeFeatureAddingWithoutGivingDataPageStaticErrorTest" time="73.070"/>
  <system-out/>
  <testcase classname="sprint_2_Negative.Sprint_2_Negative_Demo_FMS" name="a21_actionInfoSchemeFaqAddingByGivingValidDataPassTest" time="90.067"/>
  <system-out/>
  <testcase classname="sprint_2_Negative.Sprint_2_Negative_Demo_FMS" name="a22_actionInfoSchemeFaqAddingWithoutGivingDataPageStaticErrorTest" time="104.254"/>
  <system-out/>
  <testcase classname="sprint_2_Negative.Sprint_2_Negative_Demo_FMS" name="a23_schemeCreatingWithoutGivingSchemeNameErrorTest" time="38.674"/>
  <system-out/>
  <testcase classname="sprint_2_Negative.Sprint_2_Negative_Demo_FMS" name="a24_loginWithoutGivingEmailAndPasswordErrorTest" time="15.511"/>
  <system-out/>
  <testcase classname="sprint_2_Negative.Sprint_2_Negative_Demo_FMS" name="a25_loginWithoutGivingEmailErrorTest" time="14.528"/>
  <system-out/>
  <testcase classname="sprint_2_Negative.Sprint_2_Negative_Demo_FMS" name="a26_loginWithoutGivingPasswordErrorTest" time="14.671"/>
  <system-out/>
  <testcase classname="sprint_2_Negative.Sprint_2_Negative_Demo_FMS" name="a27_loginByGivingEmailAsPwdAndPasswordAsEmailErrorTest" time="13.504"/>
  <system-out/>
  <testcase classname="sprint_2_Negative.Sprint_2_Negative_Demo_FMS" name="a28_schemeBootstrapBtnDisablingAndCheckingSchemeIsEnabledInUserPannelErrorTest" time="55.000"/>
  <system-out/>
  <testcase classname="sprint_2_Negative.Sprint_2_Negative_Demo_FMS" name="a29_schemeBootstrapBtnEnablingAndCheckingSchemeIsDisabledInUserPannelErrorTest" time="55.086"/>
  <system-out/>
  <testcase classname="sprint_2_Negative.Sprint_2_Negative_Demo_FMS" name="a30_clickOnDashboardSchemePageShouldBeDisplayedErrorTest" time="24.670"/>
  <system-out/>
  <testcase classname="sprint_2_Negative.Sprint_2_Negative_Demo_FMS" name="a31_creatingSchemeWithoutGivingDataErrorTest" time="26.759"/>
  <system-out/>
  <testcase classname="sprint_2_Negative.Sprint_2_Negative_Demo_FMS" name="a32_clickingOnPayNowBtnWithOutSelectingPaymentModeTest" time="55.544"/>
  <system-out/>
  <testcase classname="sprint_2_Negative.Sprint_2_Negative_Demo_FMS" name="a33_clickingOnUPIorQRAndClickOnUpiIdOrMobileNumberCheckBoxErrorTest" time="59.861"/>
  <system-out/>
  <testcase classname="sprint_2_Negative.Sprint_2_Negative_Demo_FMS" name="a34_whileSubscribingSchemeClickOnTheFailureButtonInTheRazorPayPagePaymentShouldPassErrorTest" time="66.354"/>
  <system-out/>
  <testcase classname="sprint_2_Negative.Sprint_2_Negative_Demo_FMS" name="a35_whileSubscribingSchemeClickOnTheSuccessButtonInTheRazorPayPagePaymentShouldFailErrorTest" time="66.366"/>
  <system-out/>
  <testcase classname="sprint_2_Negative.Sprint_2_Negative_Demo_FMS" name="a36_loginWithoutByGiving10AlphabetsInMobileNumberTextFieldErrorTest" time="9.730"/>
  <system-out/>
  <testcase classname="sprint_2_Negative.Sprint_2_Negative_Demo_FMS" name="a37_loginWithoutByGivingMoreThan10NumbersInMobileNumberInTextFieldErrorTest" time="9.521"/>
  <system-out/>
  <testcase classname="sprint_2_Negative.Sprint_2_Negative_Demo_FMS" name="a38_loginWithoutByGivingLessThan10NumbersInMobileNumberTextFieldErrorTest" time="9.457"/>
  <system-out/>
  <testcase classname="sprint_2_Negative.Sprint_2_Negative_Demo_FMS" name="a39_whileSubscribingSchemeClickOnTheStartSubscriptionButtonWithoutGivingAnyDetailsStaticErrorTest" time="29.869"/>
  <system-out/>
  <testcase classname="sprint_2_Negative.Sprint_2_Negative_Demo_FMS" name="a40_actionInfoSchemeContentAddingByGivingValidDataAndClearingContentDataPassErrorTest" time="77.342"/>
  <system-out/>
  <testcase classname="sprint_2_Negative.Sprint_2_Negative_Demo_FMS" name="a41_actionInfoSchemeTermsAndConditionsAddingByGivingValidDataAndClearingPassErrorTest" time="74.501"/>
  <system-out/>
  <testcase classname="sprint_2_Negative.Sprint_2_Negative_Demo_FMS" name="a42_schemeCreatingByClearingAllSchemeDetailsPassErrorTest" time="50.728"/>
  <system-out/>
  <testcase classname="sprint_2_Negative.Sprint_2_Negative_Demo_FMS" name="a44_actionInfoSchemeFaqAddingByGivingValidDataAndRemovingWhileEditingPassErrorTest" time="101.530"/>
  <system-out/>
</testsuite> <!-- sprint_2_Negative.Sprint_2_Negative_Demo_FMS -->
