<?xml version="1.0" encoding="UTF-8"?>
<!-- Generated by org.testng.reporters.JUnitReportReporter -->
<testsuite hostname="Vicky" failures="0" tests="1" name="sprint_3_Positive.F_ECommerce_Transactions_All_Actions" time="28.178" errors="0" timestamp="2024-03-04T18:03:18 IST" skipped="0">
  <testcase classname="sprint_3_Positive.F_ECommerce_Transactions_All_Actions" name="eCommerceTransactions" time="28.178"/>
  <system-out/>
</testsuite> <!-- sprint_3_Positive.F_ECommerce_Transactions_All_Actions -->
