<?xml version="1.0" encoding="UTF-8"?>
<!-- Generated by org.testng.reporters.JUnitReportReporter -->
<testsuite hostname="Vicky" failures="0" tests="1" name="sprint_3_Negative.E_Commerce_Brands" time="50.349" errors="0" timestamp="2024-03-27T12:53:50 IST" skipped="0">
  <testcase classname="sprint_3_Negative.E_Commerce_Brands" name="f_TurningOffbrandsBootStrapButtonAndCheckingTheSameBrandDisplayingInProductsPageBrandDrpDwnListErrorTest" time="50.349"/>
  <system-out/>
</testsuite> <!-- sprint_3_Negative.E_Commerce_Brands -->
