<?xml version="1.0" encoding="UTF-8"?>
<!-- Generated by org.testng.reporters.JUnitReportReporter -->
<testsuite hostname="Vicky" failures="0" tests="1" name="sprint_1_Positive.cSprint_1_SchemeAllActions_Demo_FMS" time="282.485" errors="0" timestamp="2024-02-24T14:25:06 IST" skipped="0">
  <testcase classname="sprint_1_Positive.cSprint_1_SchemeAllActions_Demo_FMS" name="schemeCreationTest" time="282.485"/>
  <system-out/>
</testsuite> <!-- sprint_1_Positive.cSprint_1_SchemeAllActions_Demo_FMS -->
