<?xml version="1.0" encoding="UTF-8"?>
<!-- Generated by org.testng.reporters.JUnitReportReporter -->
<testsuite hostname="Vicky" failures="0" tests="1" name="sprint_1_Positive.bSprint_1_LoginLogout_Demo_User" time="21.378" errors="0" timestamp="2024-03-01T17:26:27 IST" skipped="0">
  <testcase classname="sprint_1_Positive.bSprint_1_LoginLogout_Demo_User" name="loginLogoutUserTest" time="21.378"/>
  <system-out/>
</testsuite> <!-- sprint_1_Positive.bSprint_1_LoginLogout_Demo_User -->
