<?xml version="1.0" encoding="UTF-8"?>
<!-- Generated by org.testng.reporters.JUnitReportReporter -->
<testsuite hostname="Vicky" failures="0" tests="1" name="sprint_3_Positive.C_ECommerce_Brands_All_Actions" time="52.345" errors="0" timestamp="2024-03-02T18:09:39 IST" skipped="0">
  <testcase classname="sprint_3_Positive.C_ECommerce_Brands_All_Actions" name="d_deletingParticularBrandTest" time="52.345"/>
  <system-out/>
</testsuite> <!-- sprint_3_Positive.C_ECommerce_Brands_All_Actions -->
