<?xml version="1.0" encoding="UTF-8"?>
<!-- Generated by org.testng.reporters.JUnitReportReporter -->
<testsuite hostname="Vicky" failures="0" tests="1" name="Java.Explain" time="7.350" errors="0" timestamp="2024-03-20T18:02:51 IST" skipped="0">
  <testcase classname="Java.Explain" name="flipkart" time="7.350"/>
  <system-out/>
</testsuite> <!-- Java.Explain -->
