<?xml version="1.0" encoding="UTF-8"?>
<!-- Generated by org.testng.reporters.JUnitReportReporter -->
<testsuite hostname="Vicky" failures="0" tests="1" name="sprint_3_Positive.E_CommerceCategory" time="31.206" errors="0" timestamp="2024-03-02T18:16:06 IST" skipped="0">
  <testcase classname="sprint_3_Positive.E_CommerceCategory" name="eCommerceCategory" time="31.206"/>
  <system-out/>
</testsuite> <!-- sprint_3_Positive.E_CommerceCategory -->
