<?xml version="1.0" encoding="UTF-8"?>
<!-- Generated by org.testng.reporters.JUnitReportReporter -->
<testsuite hostname="Vicky" failures="0" tests="1" name="sprint_3_Positive.A_ECommerce_Category_All_Actions" time="38.089" errors="0" timestamp="2024-02-27T16:27:45 IST" skipped="0">
  <testcase classname="sprint_3_Positive.A_ECommerce_Category_All_Actions" name="deleteCategories" time="38.089"/>
  <system-out/>
</testsuite> <!-- sprint_3_Positive.A_ECommerce_Category_All_Actions -->
