<?xml version="1.0" encoding="UTF-8"?>
<!-- Generated by org.testng.reporters.JUnitReportReporter -->
<testsuite hostname="Vicky" failures="0" tests="1" name="sprint_3_Positive.E_Commerce_Orders_All_Actions" time="70.834" errors="0" timestamp="2024-03-04T17:35:56 IST" skipped="0">
  <testcase classname="sprint_3_Positive.E_Commerce_Orders_All_Actions" name="eCommerceOrders" time="70.834"/>
  <system-out/>
</testsuite> <!-- sprint_3_Positive.E_Commerce_Orders_All_Actions -->
