<?xml version="1.0" encoding="UTF-8"?>
<!-- Generated by org.testng.reporters.JUnitReportReporter -->
<testsuite hostname="Vicky" failures="0" tests="1" name="Java.a11_16" time="0.007" errors="0" timestamp="2024-03-22T16:26:14 IST" skipped="0">
  <testcase classname="Java.a11_16" name="p" time="0.007"/>
  <system-out/>
</testsuite> <!-- Java.a11_16 -->
