<?xml version="1.0" encoding="UTF-8"?>
<!-- Generated by org.testng.reporters.JUnitReportReporter -->
<testsuite hostname="Vicky" failures="0" tests="1" name="sprint_1_Positive.aSprint_1_LoginAndLogout_Demo_FMS" time="16.450" errors="0" timestamp="2024-03-01T15:01:49 IST" skipped="0">
  <testcase classname="sprint_1_Positive.aSprint_1_LoginAndLogout_Demo_FMS" name="loginLogoutFmsTest" time="16.450"/>
  <system-out/>
</testsuite> <!-- sprint_1_Positive.aSprint_1_LoginAndLogout_Demo_FMS -->
