<?xml version="1.0" encoding="UTF-8"?>
<!-- Generated by org.testng.reporters.JUnitReportReporter -->
<testsuite hostname="Vicky" failures="0" tests="1" name="Java.print" time="0.006" errors="0" timestamp="2024-03-22T16:30:04 IST" skipped="0">
  <testcase classname="Java.print" name="a" time="0.006"/>
  <system-out/>
</testsuite> <!-- Java.print -->
