<?xml version="1.0" encoding="UTF-8"?>
<!-- Generated by org.testng.reporters.JUnitReportReporter -->
<testsuite hostname="Vicky" failures="0" tests="4" name="sprint_3_Positive.E_Commerce" time="245.123" errors="0" timestamp="2024-02-26T15:43:44 IST" skipped="0">
  <testcase classname="sprint_3_Positive.E_Commerce" name="deletingParticularCategoryTest" time="57.818"/>
  <system-out/>
  <testcase classname="sprint_3_Positive.E_Commerce" name="edit" time="72.348"/>
  <system-out/>
  <testcase classname="sprint_3_Positive.E_Commerce" name="a1_e_CommerceAddingCaterogeyTest" time="56.962"/>
  <system-out/>
  <testcase classname="sprint_3_Positive.E_Commerce" name="categoryBootStrapButtonTurnOnOrOffTest" time="57.995"/>
  <system-out/>
</testsuite> <!-- sprint_3_Positive.E_Commerce -->
