<?xml version="1.0" encoding="UTF-8"?>
<!-- Generated by org.testng.reporters.JUnitReportReporter -->
<testsuite hostname="DESKTOP-Ayesha" failures="0" tests="4" name="sprint_3_Positive.B_ECommerce_Sub_Category_All_Actions" time="224.056" errors="0" timestamp="2024-03-29T13:10:23 IST" skipped="0">
  <testcase classname="sprint_3_Positive.B_ECommerce_Sub_Category_All_Actions" name="a1_searching1CategoryTest" time="33.981"/>
  <system-out/>
  <testcase classname="sprint_3_Positive.B_ECommerce_Sub_Category_All_Actions" name="a2_adding1SubCategoryTest" time="51.993"/>
  <system-out/>
  <testcase classname="sprint_3_Positive.B_ECommerce_Sub_Category_All_Actions" name="a3_editing1SubCategoryTest" time="75.047"/>
  <system-out/>
  <testcase classname="sprint_3_Positive.B_ECommerce_Sub_Category_All_Actions" name="a4_clickOnParticularBootStrapButtonToEnablingOrDisablingCategoryTest" time="63.035"/>
  <system-out/>
</testsuite> <!-- sprint_3_Positive.B_ECommerce_Sub_Category_All_Actions -->
