<?xml version="1.0" encoding="UTF-8"?>
<!-- Generated by org.testng.reporters.JUnitReportReporter -->
<testsuite hostname="Vicky" failures="0" tests="14" name="sprint_3_Negative.A_E_Commerce_CategoriesDone" time="244.773" errors="0" timestamp="2024-03-28T10:49:32 IST" skipped="0">
  <testcase classname="sprint_3_Negative.A_E_Commerce_CategoriesDone" name="a_clickOnECommercelink_ECommerceDrpDwnShouldNotDropOptionsErrorTest" time="14.223"/>
  <system-out/>
  <testcase classname="sprint_3_Negative.A_E_Commerce_CategoriesDone" name="b_clickOnCategoriesLinkCategoryListPageShouldNotDisplayErrorTest" time="16.500"/>
  <system-out/>
  <testcase classname="sprint_3_Negative.A_E_Commerce_CategoriesDone" name="c_searchForAcategoryWhichIsNotAvailableInCategoryListPageErrorTest" time="13.704"/>
  <system-out/>
  <testcase classname="sprint_3_Negative.A_E_Commerce_CategoriesDone" name="d_clickOnCategoryLinkCategoryListPageShouldNotDisplayErrorTest" time="15.364"/>
  <system-out/>
  <testcase classname="sprint_3_Negative.A_E_Commerce_CategoriesDone" name="e_addingCategoryByGivingNullValuesErrorTest" time="17.515"/>
  <system-out/>
  <testcase classname="sprint_3_Negative.A_E_Commerce_CategoriesDone" name="f_addingCategoryByGivingOnlyNameErrorTest" time="19.496"/>
  <system-out/>
  <testcase classname="sprint_3_Negative.A_E_Commerce_CategoriesDone" name="g_addingCategoryByGivingOnlyImageErrorTest" time="21.620"/>
  <system-out/>
  <testcase classname="sprint_3_Negative.A_E_Commerce_CategoriesDone" name="h_clickOnCloseBtnCategoryPageShouldNotClose" time="15.450"/>
  <system-out/>
  <testcase classname="sprint_3_Negative.A_E_Commerce_CategoriesDone" name="i_addingCategoryByGivingValidDetailsPassTest" time="23.615"/>
  <system-out/>
  <testcase classname="sprint_3_Negative.A_E_Commerce_CategoriesDone" name="j_clickOnParticularCategoryEditButtonUpdatePageShouldNotOpenErrorTest" time="16.298"/>
  <system-out/>
  <testcase classname="sprint_3_Negative.A_E_Commerce_CategoriesDone" name="k_updatingCategoryByGivingOnlyImagePassErrorTest" time="20.755"/>
  <system-out/>
  <testcase classname="sprint_3_Negative.A_E_Commerce_CategoriesDone" name="l_clickOnCloseBtnUpdateCategoryPageShouldNotCloseErrorTest" time="17.294"/>
  <system-out/>
  <testcase classname="sprint_3_Negative.A_E_Commerce_CategoriesDone" name="m_clickOnCategoriesBootStrapButtonStatusShouldNotUpdateTest" time="15.300"/>
  <system-out/>
  <testcase classname="sprint_3_Negative.A_E_Commerce_CategoriesDone" name="n_clickOnParticularCategoryDeleteButtonCategoryShouldNotDeleteTest" time="17.639"/>
  <system-out/>
</testsuite> <!-- sprint_3_Negative.A_E_Commerce_CategoriesDone -->
