<?xml version="1.0" encoding="UTF-8"?>
<!-- Generated by org.testng.reporters.JUnitReportReporter -->
<testsuite hostname="Vicky" failures="0" tests="1" name="sprint_3_Positive.E_ECommerce_Product_All_Actions" time="231.465" errors="0" timestamp="2024-03-06T14:47:10 IST" skipped="0">
  <testcase classname="sprint_3_Positive.E_ECommerce_Product_All_Actions" name="eCommerceProductInfo" time="231.465"/>
  <system-out/>
</testsuite> <!-- sprint_3_Positive.E_ECommerce_Product_All_Actions -->
