<?xml version="1.0" encoding="UTF-8"?>
<!-- Generated by org.testng.reporters.JUnitReportReporter -->
<testsuite hostname="DESKTOP-Ayesha" failures="0" tests="1" name="sprint_3_Positive.F_ECom_Transactions_All_Actions" time="37.014" errors="0" timestamp="2024-03-29T12:56:49 IST" skipped="0">
  <testcase classname="sprint_3_Positive.F_ECom_Transactions_All_Actions" name="a_ECommerceTransactionsTest" time="37.014"/>
  <system-out/>
</testsuite> <!-- sprint_3_Positive.F_ECom_Transactions_All_Actions -->
