<?xml version="1.0" encoding="UTF-8"?>
<!-- Generated by org.testng.reporters.JUnitReportReporter -->
<testsuite hostname="Vicky" failures="0" tests="1" name="Java.b" time="0.007" errors="0" timestamp="2024-03-22T16:27:18 IST" skipped="0">
  <testcase classname="Java.b" name="a" time="0.007"/>
  <system-out/>
</testsuite> <!-- Java.b -->
