<?xml version="1.0" encoding="UTF-8"?>
<!-- Generated by org.testng.reporters.JUnitReportReporter -->
<testsuite hostname="Vicky" failures="0" tests="1" name="sprint_1_Positive.dSprint_1_UserSchemeSubscription_Demo_User" time="21.978" errors="0" timestamp="2024-03-01T16:12:52 IST" skipped="0">
  <testcase classname="sprint_1_Positive.dSprint_1_UserSchemeSubscription_Demo_User" name="userSchemeSubscriptionUsingBookingAndBankingAccountTest" time="21.978"/>
  <system-out/>
</testsuite> <!-- sprint_1_Positive.dSprint_1_UserSchemeSubscription_Demo_User -->
