<?xml version="1.0" encoding="UTF-8"?>
<!-- Generated by org.testng.reporters.JUnitReportReporter -->
<testsuite hostname="DESKTOP-Ayesha" failures="0" tests="4" name="sprint_3_Positive.A_ECommerce_Category_All_Actions" time="227.011" errors="0" timestamp="2024-03-29T13:06:03 IST" skipped="0">
  <testcase classname="sprint_3_Positive.A_ECommerce_Category_All_Actions" name="a4_deletingParticularCategoryTest" time="53.774"/>
  <system-out/>
  <testcase classname="sprint_3_Positive.A_ECommerce_Category_All_Actions" name="a1_addingCaterogeyTest" time="50.553"/>
  <system-out/>
  <testcase classname="sprint_3_Positive.A_ECommerce_Category_All_Actions" name="a2_editingCategoryTest" time="69.027"/>
  <system-out/>
  <testcase classname="sprint_3_Positive.A_ECommerce_Category_All_Actions" name="a3_categoryBootStrapButtonTurningOnOrOffTest" time="53.657"/>
  <system-out/>
</testsuite> <!-- sprint_3_Positive.A_ECommerce_Category_All_Actions -->
