<?xml version="1.0" encoding="UTF-8"?>
<!-- Generated by org.testng.reporters.JUnitReportReporter -->
<testsuite hostname="Vicky" failures="0" tests="1" name="sprint_3_Positive.B_ECommerce_Sub_Category_All_Actions" time="51.662" errors="0" timestamp="2024-03-02T12:55:53 IST" skipped="0">
  <testcase classname="sprint_3_Positive.B_ECommerce_Sub_Category_All_Actions" name="a4_clickOnParticularBootStrapButtonToEnablingOrDisablingCategoryTest" time="51.662"/>
  <system-out/>
</testsuite> <!-- sprint_3_Positive.B_ECommerce_Sub_Category_All_Actions -->
