<?xml version="1.0" encoding="UTF-8"?>
<!-- Generated by org.testng.reporters.JUnitReportReporter -->
<testsuite hostname="Vicky" failures="0" tests="1" name="sprint_3_Negative.AA_E_Commerce_LoginErrorsDone" time="12.158" errors="0" timestamp="2024-03-28T10:55:08 IST" skipped="0">
  <testcase classname="sprint_3_Negative.AA_E_Commerce_LoginErrorsDone" name="a_loginWithInvalidCredentialsErrorTest" time="12.158"/>
  <system-out/>
</testsuite> <!-- sprint_3_Negative.AA_E_Commerce_LoginErrorsDone -->
