<?xml version="1.0" encoding="UTF-8"?>
<!-- Generated by org.testng.reporters.JUnitReportReporter -->
<testsuite hostname="Vicky" failures="0" tests="1" name="sprint_1_Positive.cSprint_1_SchemeAllActions_Demo_FMS" time="263.969" errors="0" timestamp="2024-03-01T15:07:25 IST" skipped="0">
  <testcase classname="sprint_1_Positive.cSprint_1_SchemeAllActions_Demo_FMS" name="schemeCreationTest" time="263.969"/>
  <system-out/>
</testsuite> <!-- sprint_1_Positive.cSprint_1_SchemeAllActions_Demo_FMS -->
