<?xml version="1.0" encoding="UTF-8"?>
<!-- Generated by org.testng.reporters.JUnitReportReporter -->
<testsuite hostname="Vicky" failures="0" tests="1" name="sprint_1_Positive.aSprint_1_LoginAndLogout_Demo_FMS" time="27.008" errors="0" timestamp="2024-03-01T18:14:03 IST" skipped="0">
  <testcase classname="sprint_1_Positive.aSprint_1_LoginAndLogout_Demo_FMS" name="loginLogoutFmsTest" time="27.008"/>
  <system-out/>
</testsuite> <!-- sprint_1_Positive.aSprint_1_LoginAndLogout_Demo_FMS -->
